<?xml version="1.0" encoding="UTF-8"?>
<!-- Generated by org.testng.reporters.JUnitReportReporter -->
<testsuite hostname="LAPTOP-P8997V13" failures="0" tests="2" name="testCases.resumeUploadinProfilePage" time="16.999" errors="0" timestamp="2025-09-02T19:01:22 IST" skipped="0">
  <testcase classname="testCases.resumeUploadinProfilePage" name="clickOnUpdatePrifileLink" time="10.451"/>
  <testcase classname="testCases.resumeUploadinProfilePage" name="uploadResume" time="6.548"/>
</testsuite> <!-- testCases.resumeUploadinProfilePage -->
