<?xml version="1.0" encoding="UTF-8"?>
<!-- Generated by org.testng.reporters.JUnitReportReporter -->
<testsuite hostname="LAPTOP-P8997V13" failures="0" tests="1" name="testCases.resumeUploadinProfilePage" time="7.170" errors="0" timestamp="2025-08-18T09:53:59 IST" skipped="0">
  <testcase classname="testCases.resumeUploadinProfilePage" name="uploadResumeTest" time="7.170"/>
</testsuite> <!-- testCases.resumeUploadinProfilePage -->
