<?xml version="1.0" encoding="UTF-8"?>
<!-- Generated by org.testng.reporters.JUnitReportReporter -->
<testsuite hostname="LAPTOP-P8997V13" failures="0" tests="2" name="testCases.resumeUploadinProfilePage" time="9.885" errors="0" timestamp="2025-09-02T18:44:14 IST" skipped="0">
  <testcase classname="testCases.resumeUploadinProfilePage" name="clickOnUpdatePrifileLink" time="4.512"/>
  <testcase classname="testCases.resumeUploadinProfilePage" name="uploadResume" time="5.373"/>
</testsuite> <!-- testCases.resumeUploadinProfilePage -->
