<?xml version="1.0" encoding="UTF-8"?>
<!-- Generated by org.testng.reporters.JUnitReportReporter -->
<testsuite hostname="LAPTOP-P8997V13" failures="0" tests="2" name="testCases.resumeUploadingProfilePage" time="10.749" errors="0" timestamp="2025-09-03T11:00:26 IST" skipped="0">
  <testcase classname="testCases.resumeUploadingProfilePage" name="clickOnUpdatePrifileLink" time="4.562"/>
  <testcase classname="testCases.resumeUploadingProfilePage" name="uploadResume" time="6.187"/>
</testsuite> <!-- testCases.resumeUploadingProfilePage -->
