<?xml version="1.0" encoding="UTF-8"?>
<!-- Generated by org.testng.reporters.JUnitReportReporter -->
<testsuite hostname="LAPTOP-P8997V13" failures="0" tests="2" name="testCases.resumeUploadinProfilePage" time="9.351" errors="0" timestamp="2025-09-02T18:50:54 IST" skipped="0">
  <testcase classname="testCases.resumeUploadinProfilePage" name="clickOnUpdatePrifileLink" time="4.395"/>
  <testcase classname="testCases.resumeUploadinProfilePage" name="uploadResume" time="4.956"/>
</testsuite> <!-- testCases.resumeUploadinProfilePage -->
