<?xml version="1.0" encoding="UTF-8"?>
<!-- Generated by org.testng.reporters.JUnitReportReporter -->
<testsuite hostname="LAPTOP-P8997V13" failures="0" tests="1" name="testCases.resumeUploadinProfilePage" time="6.540" errors="0" timestamp="2025-08-17T19:10:43 IST" skipped="0">
  <testcase classname="testCases.resumeUploadinProfilePage" name="loginTest" time="6.540"/>
</testsuite> <!-- testCases.resumeUploadinProfilePage -->
