<?xml version="1.0" encoding="UTF-8"?>
<!-- Generated by org.testng.reporters.JUnitReportReporter -->
<testsuite hostname="LAPTOP-P8997V13" failures="0" tests="2" name="testCases.resumeUploadingProfilePage" time="11.530" errors="0" timestamp="2025-09-04T08:44:47 IST" skipped="0">
  <testcase classname="testCases.resumeUploadingProfilePage" name="clickOnUpdatePrifileLink" time="5.378"/>
  <testcase classname="testCases.resumeUploadingProfilePage" name="uploadResume" time="6.152"/>
</testsuite> <!-- testCases.resumeUploadingProfilePage -->
